<?xml version="1.0" encoding="UTF-8"?>
<testsuite name="com.example.oauth2jwt.OAuth2JwtApplicationTests" tests="1" skipped="0" failures="0" errors="0" timestamp="2025-07-18T06:56:22.906Z" hostname="10.nate.com" time="0.282">
  <properties/>
  <testcase name="contextLoads()" classname="com.example.oauth2jwt.OAuth2JwtApplicationTests" time="0.282"/>
  <system-out><![CDATA[15:56:20.411 [Test worker] INFO org.springframework.test.context.support.AnnotationConfigContextLoaderUtils -- Could not detect default configuration classes for test class [com.example.oauth2jwt.OAuth2JwtApplicationTests]: OAuth2JwtApplicationTests does not declare any static, non-private, non-final, nested classes annotated with @Configuration.
15:56:20.443 [Test worker] INFO org.springframework.boot.test.context.SpringBootTestContextBootstrapper -- Found @SpringBootConfiguration com.example.oauth2jwt.OAuth2JwtApplication for test class com.example.oauth2jwt.OAuth2JwtApplicationTests

  .   ____          _            __ _ _
 /\\ / ___'_ __ _ _(_)_ __  __ _ \ \ \ \
( ( )\___ | '_ | '_| | '_ \/ _` | \ \ \ \
 \\/  ___)| |_)| | | | | || (_| |  ) ) ) )
  '  |____| .__|_| |_|_| |_\__, | / / / /
 =========|_|==============|___/=/_/_/_/
 :: Spring Boot ::                (v3.2.0)

2025-07-18T15:56:20.570+09:00  INFO 64684 --- [oauth2jwt] [    Test worker] c.e.oauth2jwt.OAuth2JwtApplicationTests  : Starting OAuth2JwtApplicationTests using Java 21.0.7 with PID 64684 (started by kimseojin in /Users/kimseojin/Desktop/oAuth2Jwt)
2025-07-18T15:56:20.570+09:00 DEBUG 64684 --- [oauth2jwt] [    Test worker] c.e.oauth2jwt.OAuth2JwtApplicationTests  : Running with Spring Boot v3.2.0, Spring v6.1.1
2025-07-18T15:56:20.570+09:00  INFO 64684 --- [oauth2jwt] [    Test worker] c.e.oauth2jwt.OAuth2JwtApplicationTests  : No active profile set, falling back to 1 default profile: "default"
2025-07-18T15:56:20.804+09:00  INFO 64684 --- [oauth2jwt] [    Test worker] .s.d.r.c.RepositoryConfigurationDelegate : Bootstrapping Spring Data JPA repositories in DEFAULT mode.
2025-07-18T15:56:20.823+09:00  INFO 64684 --- [oauth2jwt] [    Test worker] .s.d.r.c.RepositoryConfigurationDelegate : Finished Spring Data repository scanning in 16 ms. Found 1 JPA repository interface.
2025-07-18T15:56:20.992+09:00  INFO 64684 --- [oauth2jwt] [    Test worker] o.hibernate.jpa.internal.util.LogHelper  : HHH000204: Processing PersistenceUnitInfo [name: default]
2025-07-18T15:56:21.010+09:00  INFO 64684 --- [oauth2jwt] [    Test worker] org.hibernate.Version                    : HHH000412: Hibernate ORM core version 6.3.1.Final
2025-07-18T15:56:21.021+09:00  INFO 64684 --- [oauth2jwt] [    Test worker] o.h.c.internal.RegionFactoryInitiator    : HHH000026: Second-level cache disabled
2025-07-18T15:56:21.105+09:00  INFO 64684 --- [oauth2jwt] [    Test worker] o.s.o.j.p.SpringPersistenceUnitInfo      : No LoadTimeWeaver setup: ignoring JPA class transformer
2025-07-18T15:56:21.115+09:00  INFO 64684 --- [oauth2jwt] [    Test worker] com.zaxxer.hikari.HikariDataSource       : HikariPool-1 - Starting...
2025-07-18T15:56:21.966+09:00  INFO 64684 --- [oauth2jwt] [    Test worker] com.zaxxer.hikari.pool.HikariPool        : HikariPool-1 - Added connection com.mysql.cj.jdbc.ConnectionImpl@7fc1fd31
2025-07-18T15:56:21.967+09:00  INFO 64684 --- [oauth2jwt] [    Test worker] com.zaxxer.hikari.HikariDataSource       : HikariPool-1 - Start completed.
2025-07-18T15:56:22.042+09:00  WARN 64684 --- [oauth2jwt] [    Test worker] org.hibernate.orm.deprecation            : HHH90000025: MySQL8Dialect does not need to be specified explicitly using 'hibernate.dialect' (remove the property setting and it will be selected by default)
2025-07-18T15:56:22.043+09:00  WARN 64684 --- [oauth2jwt] [    Test worker] org.hibernate.orm.deprecation            : HHH90000026: MySQL8Dialect has been deprecated; use org.hibernate.dialect.MySQLDialect instead
2025-07-18T15:56:22.052+09:00 DEBUG 64684 --- [oauth2jwt] [    Test worker] o.h.t.d.sql.spi.DdlTypeRegistry          : addDescriptor(12, org.hibernate.type.descriptor.sql.internal.CapacityDependentDdlType@3b01897f) replaced previous registration(org.hibernate.type.descriptor.sql.internal.CapacityDependentDdlType@6b3b2c34)
2025-07-18T15:56:22.053+09:00 DEBUG 64684 --- [oauth2jwt] [    Test worker] o.h.t.d.sql.spi.DdlTypeRegistry          : addDescriptor(-9, org.hibernate.type.descriptor.sql.internal.CapacityDependentDdlType@28b5d5dc) replaced previous registration(org.hibernate.type.descriptor.sql.internal.CapacityDependentDdlType@407f2029)
2025-07-18T15:56:22.053+09:00 DEBUG 64684 --- [oauth2jwt] [    Test worker] o.h.t.d.sql.spi.DdlTypeRegistry          : addDescriptor(-3, org.hibernate.type.descriptor.sql.internal.CapacityDependentDdlType@77020328) replaced previous registration(org.hibernate.type.descriptor.sql.internal.CapacityDependentDdlType@45eacb70)
2025-07-18T15:56:22.053+09:00 DEBUG 64684 --- [oauth2jwt] [    Test worker] o.h.t.d.sql.spi.DdlTypeRegistry          : addDescriptor(4003, org.hibernate.type.descriptor.sql.internal.DdlTypeImpl@4377ed24) replaced previous registration(org.hibernate.type.descriptor.sql.internal.DdlTypeImpl@7a30e30b)
2025-07-18T15:56:22.053+09:00 DEBUG 64684 --- [oauth2jwt] [    Test worker] o.h.t.d.sql.spi.DdlTypeRegistry          : addDescriptor(4001, org.hibernate.type.descriptor.sql.internal.DdlTypeImpl@1dcca426) replaced previous registration(org.hibernate.type.descriptor.sql.internal.DdlTypeImpl@e6e5da4)
2025-07-18T15:56:22.053+09:00 DEBUG 64684 --- [oauth2jwt] [    Test worker] o.h.t.d.sql.spi.DdlTypeRegistry          : addDescriptor(4002, org.hibernate.type.descriptor.sql.internal.DdlTypeImpl@720c8f80) replaced previous registration(org.hibernate.type.descriptor.sql.internal.DdlTypeImpl@f591271)
2025-07-18T15:56:22.053+09:00 DEBUG 64684 --- [oauth2jwt] [    Test worker] o.h.t.d.sql.spi.DdlTypeRegistry          : addDescriptor(2004, org.hibernate.type.descriptor.sql.internal.CapacityDependentDdlType@77cc6a28) replaced previous registration(org.hibernate.type.descriptor.sql.internal.DdlTypeImpl@b339a08)
2025-07-18T15:56:22.053+09:00 DEBUG 64684 --- [oauth2jwt] [    Test worker] o.h.t.d.sql.spi.DdlTypeRegistry          : addDescriptor(2005, org.hibernate.type.descriptor.sql.internal.CapacityDependentDdlType@1d556461) replaced previous registration(org.hibernate.type.descriptor.sql.internal.DdlTypeImpl@5a583720)
2025-07-18T15:56:22.053+09:00 DEBUG 64684 --- [oauth2jwt] [    Test worker] o.h.t.d.sql.spi.DdlTypeRegistry          : addDescriptor(2011, org.hibernate.type.descriptor.sql.internal.CapacityDependentDdlType@4ed19b69) replaced previous registration(org.hibernate.type.descriptor.sql.internal.DdlTypeImpl@59a5bb61)
2025-07-18T15:56:22.372+09:00  INFO 64684 --- [oauth2jwt] [    Test worker] o.h.e.t.j.p.i.JtaPlatformInitiator       : HHH000489: No JTA platform available (set 'hibernate.transaction.jta.platform' to enable JTA platform integration)
2025-07-18T15:56:22.505+09:00  INFO 64684 --- [oauth2jwt] [    Test worker] j.LocalContainerEntityManagerFactoryBean : Initialized JPA EntityManagerFactory for persistence unit 'default'
2025-07-18T15:56:22.689+09:00  WARN 64684 --- [oauth2jwt] [    Test worker] JpaBaseConfiguration$JpaWebConfiguration : spring.jpa.open-in-view is enabled by default. Therefore, database queries may be performed during view rendering. Explicitly configure spring.jpa.open-in-view to disable this warning
2025-07-18T15:56:22.800+09:00  INFO 64684 --- [oauth2jwt] [    Test worker] o.s.s.web.DefaultSecurityFilterChain     : Will secure any request with [org.springframework.security.web.session.DisableEncodeUrlFilter@4f1ea463, org.springframework.security.web.context.request.async.WebAsyncManagerIntegrationFilter@3a641f6, org.springframework.security.web.context.SecurityContextHolderFilter@16422f27, org.springframework.security.web.header.HeaderWriterFilter@4f466207, org.springframework.web.filter.CorsFilter@66487713, org.springframework.security.web.authentication.logout.LogoutFilter@4f2a0909, org.springframework.security.oauth2.client.web.OAuth2AuthorizationRequestRedirectFilter@6bbd4048, org.springframework.security.oauth2.client.web.OAuth2LoginAuthenticationFilter@7337f87e, com.example.oauth2jwt.filter.JwtAuthenticationFilter@3c83e9ca, org.springframework.security.web.authentication.ui.DefaultLoginPageGeneratingFilter@4e6add8d, org.springframework.security.web.authentication.ui.DefaultLogoutPageGeneratingFilter@18ed8b75, org.springframework.security.web.savedrequest.RequestCacheAwareFilter@f4aec23, org.springframework.security.web.servletapi.SecurityContextHolderAwareRequestFilter@713c8cbb, org.springframework.security.web.authentication.AnonymousAuthenticationFilter@22ea09b7, org.springframework.security.web.session.SessionManagementFilter@7aa62a90, org.springframework.security.web.access.ExceptionTranslationFilter@14af9f51, org.springframework.security.web.access.intercept.AuthorizationFilter@72e5206]
2025-07-18T15:56:22.900+09:00  INFO 64684 --- [oauth2jwt] [    Test worker] c.e.oauth2jwt.OAuth2JwtApplicationTests  : Started OAuth2JwtApplicationTests in 2.407 seconds (process running for 2.834)
]]></system-out>
  <system-err><![CDATA[WARNING: A Java agent has been loaded dynamically (/Users/kimseojin/.gradle/caches/modules-2/files-2.1/net.bytebuddy/byte-buddy-agent/1.14.10/90ed94ac044ea8953b224304c762316e91fd6b31/byte-buddy-agent-1.14.10.jar)
WARNING: If a serviceability tool is in use, please run with -XX:+EnableDynamicAgentLoading to hide this warning
WARNING: If a serviceability tool is not in use, please run with -Djdk.instrument.traceUsage for more information
WARNING: Dynamic loading of agents will be disallowed by default in a future release
]]></system-err>
</testsuite>
