<?xml version="1.0" encoding="UTF-8"?>
<testsuite name="com.example.oauth2jwt.controller.ApiControllerTest" tests="1" skipped="0" failures="0" errors="0" timestamp="2025-07-18T06:56:24.459Z" hostname="10.nate.com" time="0.025">
  <properties/>
  <testcase name="hello_ShouldReturnGreeting()" classname="com.example.oauth2jwt.controller.ApiControllerTest" time="0.025"/>
  <system-out><![CDATA[2025-07-18T15:56:23.190+09:00  INFO 64684 --- [oauth2jwt] [    Test worker] t.c.s.AnnotationConfigContextLoaderUtils : Could not detect default configuration classes for test class [com.example.oauth2jwt.controller.ApiControllerTest]: ApiControllerTest does not declare any static, non-private, non-final, nested classes annotated with @Configuration.
2025-07-18T15:56:23.195+09:00  INFO 64684 --- [oauth2jwt] [    Test worker] .b.t.c.SpringBootTestContextBootstrapper : Found @SpringBootConfiguration com.example.oauth2jwt.OAuth2JwtApplication for test class com.example.oauth2jwt.controller.ApiControllerTest

  .   ____          _            __ _ _
 /\\ / ___'_ __ _ _(_)_ __  __ _ \ \ \ \
( ( )\___ | '_ | '_| | '_ \/ _` | \ \ \ \
 \\/  ___)| |_)| | | | | || (_| |  ) ) ) )
  '  |____| .__|_| |_|_| |_\__, | / / / /
 =========|_|==============|___/=/_/_/_/
 :: Spring Boot ::                (v3.2.0)

2025-07-18T15:56:23.205+09:00  INFO 64684 --- [oauth2jwt] [    Test worker] c.e.o.controller.ApiControllerTest       : Starting ApiControllerTest using Java 21.0.7 with PID 64684 (started by kimseojin in /Users/kimseojin/Desktop/oAuth2Jwt)
2025-07-18T15:56:23.205+09:00 DEBUG 64684 --- [oauth2jwt] [    Test worker] c.e.o.controller.ApiControllerTest       : Running with Spring Boot v3.2.0, Spring v6.1.1
2025-07-18T15:56:23.205+09:00  INFO 64684 --- [oauth2jwt] [    Test worker] c.e.o.controller.ApiControllerTest       : No active profile set, falling back to 1 default profile: "default"
2025-07-18T15:56:23.262+09:00  INFO 64684 --- [oauth2jwt] [    Test worker] .s.d.r.c.RepositoryConfigurationDelegate : Bootstrapping Spring Data JPA repositories in DEFAULT mode.
2025-07-18T15:56:23.266+09:00  INFO 64684 --- [oauth2jwt] [    Test worker] .s.d.r.c.RepositoryConfigurationDelegate : Finished Spring Data repository scanning in 3 ms. Found 1 JPA repository interface.
2025-07-18T15:56:23.304+09:00  INFO 64684 --- [oauth2jwt] [    Test worker] o.hibernate.jpa.internal.util.LogHelper  : HHH000204: Processing PersistenceUnitInfo [name: default]
2025-07-18T15:56:23.305+09:00  INFO 64684 --- [oauth2jwt] [    Test worker] o.h.c.internal.RegionFactoryInitiator    : HHH000026: Second-level cache disabled
2025-07-18T15:56:23.306+09:00  INFO 64684 --- [oauth2jwt] [    Test worker] o.s.o.j.p.SpringPersistenceUnitInfo      : No LoadTimeWeaver setup: ignoring JPA class transformer
2025-07-18T15:56:23.306+09:00  INFO 64684 --- [oauth2jwt] [    Test worker] com.zaxxer.hikari.HikariDataSource       : HikariPool-2 - Starting...
2025-07-18T15:56:24.102+09:00  INFO 64684 --- [oauth2jwt] [    Test worker] com.zaxxer.hikari.pool.HikariPool        : HikariPool-2 - Added connection com.mysql.cj.jdbc.ConnectionImpl@10bf2185
2025-07-18T15:56:24.103+09:00  INFO 64684 --- [oauth2jwt] [    Test worker] com.zaxxer.hikari.HikariDataSource       : HikariPool-2 - Start completed.
2025-07-18T15:56:24.104+09:00  WARN 64684 --- [oauth2jwt] [    Test worker] org.hibernate.orm.deprecation            : HHH90000025: MySQL8Dialect does not need to be specified explicitly using 'hibernate.dialect' (remove the property setting and it will be selected by default)
2025-07-18T15:56:24.104+09:00  WARN 64684 --- [oauth2jwt] [    Test worker] org.hibernate.orm.deprecation            : HHH90000026: MySQL8Dialect has been deprecated; use org.hibernate.dialect.MySQLDialect instead
2025-07-18T15:56:24.105+09:00 DEBUG 64684 --- [oauth2jwt] [    Test worker] o.h.t.d.sql.spi.DdlTypeRegistry          : addDescriptor(12, org.hibernate.type.descriptor.sql.internal.CapacityDependentDdlType@c521a79) replaced previous registration(org.hibernate.type.descriptor.sql.internal.CapacityDependentDdlType@6b0f50d8)
2025-07-18T15:56:24.105+09:00 DEBUG 64684 --- [oauth2jwt] [    Test worker] o.h.t.d.sql.spi.DdlTypeRegistry          : addDescriptor(-9, org.hibernate.type.descriptor.sql.internal.CapacityDependentDdlType@36b4cbb8) replaced previous registration(org.hibernate.type.descriptor.sql.internal.CapacityDependentDdlType@57cfd353)
2025-07-18T15:56:24.105+09:00 DEBUG 64684 --- [oauth2jwt] [    Test worker] o.h.t.d.sql.spi.DdlTypeRegistry          : addDescriptor(-3, org.hibernate.type.descriptor.sql.internal.CapacityDependentDdlType@4bd29a01) replaced previous registration(org.hibernate.type.descriptor.sql.internal.CapacityDependentDdlType@5a4a8a33)
2025-07-18T15:56:24.105+09:00 DEBUG 64684 --- [oauth2jwt] [    Test worker] o.h.t.d.sql.spi.DdlTypeRegistry          : addDescriptor(4003, org.hibernate.type.descriptor.sql.internal.DdlTypeImpl@4a3363c9) replaced previous registration(org.hibernate.type.descriptor.sql.internal.DdlTypeImpl@63cf6497)
2025-07-18T15:56:24.105+09:00 DEBUG 64684 --- [oauth2jwt] [    Test worker] o.h.t.d.sql.spi.DdlTypeRegistry          : addDescriptor(4001, org.hibernate.type.descriptor.sql.internal.DdlTypeImpl@3c12f87d) replaced previous registration(org.hibernate.type.descriptor.sql.internal.DdlTypeImpl@3207e6de)
2025-07-18T15:56:24.105+09:00 DEBUG 64684 --- [oauth2jwt] [    Test worker] o.h.t.d.sql.spi.DdlTypeRegistry          : addDescriptor(4002, org.hibernate.type.descriptor.sql.internal.DdlTypeImpl@637bf67c) replaced previous registration(org.hibernate.type.descriptor.sql.internal.DdlTypeImpl@7b88dd58)
2025-07-18T15:56:24.106+09:00 DEBUG 64684 --- [oauth2jwt] [    Test worker] o.h.t.d.sql.spi.DdlTypeRegistry          : addDescriptor(2004, org.hibernate.type.descriptor.sql.internal.CapacityDependentDdlType@50720344) replaced previous registration(org.hibernate.type.descriptor.sql.internal.DdlTypeImpl@5dce3e82)
2025-07-18T15:56:24.106+09:00 DEBUG 64684 --- [oauth2jwt] [    Test worker] o.h.t.d.sql.spi.DdlTypeRegistry          : addDescriptor(2005, org.hibernate.type.descriptor.sql.internal.CapacityDependentDdlType@613aeb51) replaced previous registration(org.hibernate.type.descriptor.sql.internal.DdlTypeImpl@5ce59833)
2025-07-18T15:56:24.106+09:00 DEBUG 64684 --- [oauth2jwt] [    Test worker] o.h.t.d.sql.spi.DdlTypeRegistry          : addDescriptor(2011, org.hibernate.type.descriptor.sql.internal.CapacityDependentDdlType@1ccdc8c8) replaced previous registration(org.hibernate.type.descriptor.sql.internal.DdlTypeImpl@30dbcffd)
2025-07-18T15:56:24.134+09:00  INFO 64684 --- [oauth2jwt] [    Test worker] o.h.e.t.j.p.i.JtaPlatformInitiator       : HHH000489: No JTA platform available (set 'hibernate.transaction.jta.platform' to enable JTA platform integration)
2025-07-18T15:56:24.292+09:00  INFO 64684 --- [oauth2jwt] [    Test worker] j.LocalContainerEntityManagerFactoryBean : Initialized JPA EntityManagerFactory for persistence unit 'default'
2025-07-18T15:56:24.353+09:00  WARN 64684 --- [oauth2jwt] [    Test worker] JpaBaseConfiguration$JpaWebConfiguration : spring.jpa.open-in-view is enabled by default. Therefore, database queries may be performed during view rendering. Explicitly configure spring.jpa.open-in-view to disable this warning
2025-07-18T15:56:24.414+09:00  INFO 64684 --- [oauth2jwt] [    Test worker] o.s.s.web.DefaultSecurityFilterChain     : Will secure any request with [org.springframework.security.web.session.DisableEncodeUrlFilter@23182d4d, org.springframework.security.web.context.request.async.WebAsyncManagerIntegrationFilter@22ca5fe1, org.springframework.security.web.context.SecurityContextHolderFilter@4efb7c99, org.springframework.security.web.header.HeaderWriterFilter@4823f3b8, org.springframework.web.filter.CorsFilter@45cd5c56, org.springframework.security.web.authentication.logout.LogoutFilter@751636da, org.springframework.security.oauth2.client.web.OAuth2AuthorizationRequestRedirectFilter@667ce5fa, org.springframework.security.oauth2.client.web.OAuth2LoginAuthenticationFilter@3e1f6318, com.example.oauth2jwt.filter.JwtAuthenticationFilter@879f852, org.springframework.security.web.authentication.ui.DefaultLoginPageGeneratingFilter@28068327, org.springframework.security.web.authentication.ui.DefaultLogoutPageGeneratingFilter@8fe054, org.springframework.security.web.savedrequest.RequestCacheAwareFilter@5563a63f, org.springframework.security.web.servletapi.SecurityContextHolderAwareRequestFilter@20a3118, org.springframework.security.web.authentication.AnonymousAuthenticationFilter@629fc74d, org.springframework.security.web.session.SessionManagementFilter@85446a, org.springframework.security.web.access.ExceptionTranslationFilter@2fc698a9, org.springframework.security.web.access.intercept.AuthorizationFilter@3a44ebd5]
2025-07-18T15:56:24.453+09:00 DEBUG 64684 --- [oauth2jwt] [    Test worker] c.e.o.filter.JwtAuthenticationFilter     : Filter 'jwtAuthenticationFilter' configured for use
2025-07-18T15:56:24.454+09:00  INFO 64684 --- [oauth2jwt] [    Test worker] o.s.b.t.m.w.SpringBootMockServletContext : Initializing Spring TestDispatcherServlet ''
2025-07-18T15:56:24.454+09:00  INFO 64684 --- [oauth2jwt] [    Test worker] o.s.t.web.servlet.TestDispatcherServlet  : Initializing Servlet ''
2025-07-18T15:56:24.454+09:00  INFO 64684 --- [oauth2jwt] [    Test worker] o.s.t.web.servlet.TestDispatcherServlet  : Completed initialization in 0 ms
2025-07-18T15:56:24.458+09:00  INFO 64684 --- [oauth2jwt] [    Test worker] c.e.o.controller.ApiControllerTest       : Started ApiControllerTest in 1.262 seconds (process running for 4.391)
2025-07-18T15:56:24.463+09:00 DEBUG 64684 --- [oauth2jwt] [    Test worker] o.s.security.web.FilterChainProxy        : Securing GET /api/hello
2025-07-18T15:56:24.466+09:00 DEBUG 64684 --- [oauth2jwt] [    Test worker] o.s.s.w.a.AnonymousAuthenticationFilter  : Set SecurityContextHolder to anonymous SecurityContext
2025-07-18T15:56:24.467+09:00 DEBUG 64684 --- [oauth2jwt] [    Test worker] o.s.security.web.FilterChainProxy        : Secured GET /api/hello
]]></system-out>
  <system-err><![CDATA[]]></system-err>
</testsuite>
